{
  "stats": {
    "suites": 1,
    "tests": 3,
    "passes": 3,
    "pending": 0,
    "failures": 0,
    "start": "2024-07-12T05:32:01.126Z",
    "end": "2024-07-12T05:32:29.274Z",
    "duration": 28148,
    "testsRegistered": 3,
    "passPercent": 100,
    "pendingPercent": 0,
    "other": 0,
    "hasOther": false,
    "skipped": 0,
    "hasSkipped": false
  },
  "results": [
    {
      "uuid": "95d50e63-0ef8-4e1c-b91a-d49ae41a7f75",
      "title": "",
      "fullFile": "cypress\\e2e\\spec.cy.js",
      "file": "cypress\\e2e\\spec.cy.js",
      "beforeHooks": [],
      "afterHooks": [],
      "tests": [],
      "suites": [
        {
          "uuid": "71716651-4d79-4c0a-a694-09ef9645c616",
          "title": "tester app the lab",
          "fullFile": "",
          "file": "",
          "beforeHooks": [],
          "afterHooks": [],
          "tests": [
            {
              "title": "passe",
              "fullTitle": "tester app the lab passe",
              "timedOut": null,
              "duration": 2626,
              "state": "passed",
              "speed": "fast",
              "pass": true,
              "fail": false,
              "pending": false,
              "context": null,
              "code": "",
              "err": {},
              "uuid": "8318f48a-afe4-4e43-bd9c-21eb7b9bdf56",
              "parentUUID": "71716651-4d79-4c0a-a694-09ef9645c616",
              "isHook": false,
              "skipped": false
            },
            {
              "title": "tester les boutons d'inscription ",
              "fullTitle": "tester app the lab tester les boutons d'inscription ",
              "timedOut": null,
              "duration": 14857,
              "state": "passed",
              "speed": "slow",
              "pass": true,
              "fail": false,
              "pending": false,
              "context": null,
              "code": "cy.get('a[href=\"/signup\"]').contains(\"Inscription\").click();\ncy.url().should('include', '/signup');\ncy.get('#lastname').type(\"khelifa\").wait(1000);\ncy.get(\"#firstname\").type(\"smail\").wait(1000);\ncy.get(\"#birthday\").type(\"2000-05-12\").wait(1000);\ncy.get(\"#email\").type(\"khelifa.smail08@gmail.com\").wait(1000);\ncy.get(\"#password\").type(\"smailwild\").wait(1000);\ncy.get(\"#confirmPassword\").type(\"smailwild\").wait(1000);\ncy.get('#terms').check().wait(1000);\ncy.get('#terms').should('be.checked').wait(1000);\ncy.get('button').contains(\"Je M'inscris\").click().wait(1500);",
              "err": {},
              "uuid": "2a23bfc3-ece8-4867-8e3e-f0d938240d91",
              "parentUUID": "71716651-4d79-4c0a-a694-09ef9645c616",
              "isHook": false,
              "skipped": false
            },
            {
              "title": "tester les boutons de connexion",
              "fullTitle": "tester app the lab tester les boutons de connexion",
              "timedOut": null,
              "duration": 6754,
              "state": "passed",
              "speed": "medium",
              "pass": true,
              "fail": false,
              "pending": false,
              "context": null,
              "code": "cy.get('a[href=\"/login\"]').contains(\"Connexion\").click();\ncy.url().should('include', '/login');\ncy.get(\"#email\").type(\"khelifa.smail08@gmail.com\").wait(1000);\ncy.get(\"#password\").type(\"smailwild\").wait(1000);\ncy.get('button').contains(\"Se Connecter\").click().wait(1500);",
              "err": {},
              "uuid": "0adffb43-c0cc-45ea-8511-0857f81a0616",
              "parentUUID": "71716651-4d79-4c0a-a694-09ef9645c616",
              "isHook": false,
              "skipped": false
            }
          ],
          "suites": [],
          "passes": [
            "8318f48a-afe4-4e43-bd9c-21eb7b9bdf56",
            "2a23bfc3-ece8-4867-8e3e-f0d938240d91",
            "0adffb43-c0cc-45ea-8511-0857f81a0616"
          ],
          "failures": [],
          "pending": [],
          "skipped": [],
          "duration": 24237,
          "root": false,
          "rootEmpty": false,
          "_timeout": 2000
        }
      ],
      "passes": [],
      "failures": [],
      "pending": [],
      "skipped": [],
      "duration": 0,
      "root": true,
      "rootEmpty": true,
      "_timeout": 2000
    }
  ],
  "meta": {
    "mocha": {
      "version": "7.0.1"
    },
    "mochawesome": {
      "options": {
        "quiet": false,
        "reportFilename": "mochawesome",
        "saveHtml": true,
        "saveJson": true,
        "consoleReporter": "spec",
        "useInlineDiffs": false,
        "code": true
      },
      "version": "7.1.3"
    },
    "marge": {
      "options": null,
      "version": "6.2.0"
    }
  }
}